<?xml version="1.0" encoding="UTF-8"?>
<testng-results ignored="0" total="4" passed="4" failed="0" skipped="0">
  <reporter-output>
  </reporter-output>
  <suite started-at="2021-08-16T20:48:53 PDT" name="TestSuite" finished-at="2021-08-16T20:49:16 PDT" duration-ms="22858">
    <groups>
    </groups>
    <test started-at="2021-08-16T20:48:53 PDT" name="Test" finished-at="2021-08-16T20:49:16 PDT" duration-ms="22858">
      <class name="testNG.Maven.Hope">
        <test-method signature="HopeW()[pri:0, instance:testNG.Maven.Hope@2b91004a]" started-at="2021-08-16T20:49:16 PDT" name="HopeW" finished-at="2021-08-16T20:49:16 PDT" duration-ms="4" status="PASS">
          <reporter-output>
          </reporter-output>
        </test-method> <!-- HopeW -->
      </class> <!-- testNG.Maven.Hope -->
      <class name="testNG.Maven.NewTestThree">
        <test-method signature="Test3()[pri:0, instance:testNG.Maven.NewTestThree@56cdfb3b]" started-at="2021-08-16T20:49:16 PDT" name="Test3" finished-at="2021-08-16T20:49:16 PDT" duration-ms="6" status="PASS">
          <reporter-output>
          </reporter-output>
        </test-method> <!-- Test3 -->
      </class> <!-- testNG.Maven.NewTestThree -->
      <class name="testNG.Maven.NewTestTwo">
        <test-method signature="Test2()[pri:0, instance:testNG.Maven.NewTestTwo@4229bb3f]" started-at="2021-08-16T20:49:16 PDT" name="Test2" finished-at="2021-08-16T20:49:16 PDT" duration-ms="3" status="PASS">
          <reporter-output>
          </reporter-output>
        </test-method> <!-- Test2 -->
      </class> <!-- testNG.Maven.NewTestTwo -->
      <class name="testNG.Maven.NewTest">
        <test-method is-config="true" signature="BeforeT()[pri:0, instance:testNG.Maven.NewTest@4d0f2471]" started-at="2021-08-16T20:48:53 PDT" name="BeforeT" finished-at="2021-08-16T20:49:12 PDT" duration-ms="18986" status="PASS">
          <reporter-output>
          </reporter-output>
        </test-method> <!-- BeforeT -->
        <test-method signature="test()[pri:0, instance:testNG.Maven.NewTest@4d0f2471]" started-at="2021-08-16T20:49:12 PDT" name="test" finished-at="2021-08-16T20:49:16 PDT" duration-ms="3722" status="PASS">
          <reporter-output>
          </reporter-output>
        </test-method> <!-- test -->
        <test-method is-config="true" signature="AfterT()[pri:0, instance:testNG.Maven.NewTest@4d0f2471]" started-at="2021-08-16T20:49:16 PDT" name="AfterT" finished-at="2021-08-16T20:49:16 PDT" duration-ms="1" status="PASS">
          <reporter-output>
          </reporter-output>
        </test-method> <!-- AfterT -->
      </class> <!-- testNG.Maven.NewTest -->
    </test> <!-- Test -->
  </suite> <!-- TestSuite -->
</testng-results>
