<?xml version="1.0" encoding="UTF-8"?>
<!-- Generated by org.testng.reporters.JUnitXMLReporter -->
<testsuite ignored="0" hostname="DESKTOP-9DVV25U" failures="0" tests="4" name="Test" time="17.582" errors="0" timestamp="2021-08-16T21:15:54 EDT">
  <testcase classname="testNG.Maven.NewTest" name="test" time="4.437"/>
  <testcase classname="testNG.Maven.NewTestTwo" name="Test2" time="0.001"/>
  <testcase classname="testNG.Maven.NewTestThree" name="Test3" time="0.002"/>
  <testcase classname="testNG.Maven.Hope" name="HopeW" time="0.001"/>
</testsuite> <!-- Test -->
