<?xml version="1.0" encoding="UTF-8"?>
<!-- Generated by org.testng.reporters.JUnitXMLReporter -->
<testsuite ignored="0" hostname="DESKTOP-9DVV25U" failures="0" tests="6" name="Test" time="15.508" errors="0" timestamp="2021-08-17T11:22:32 EDT">
  <testcase classname="testNG.Maven.NewTest" name="test" time="3.552"/>
  <testcase classname="testNG.Maven.NewTestTwo" name="Test2" time="0.014"/>
  <testcase classname="testNG.Maven.NewTestThree" name="Test3" time="0.017"/>
  <testcase classname="testNG.Maven.Hope" name="HopeW" time="0.052"/>
  <testcase classname="testNG.Maven.Hope" name="HopeW2" time="0.007"/>
  <testcase classname="testNG.Maven.Hope" name="HopeW3" time="0.006"/>
</testsuite> <!-- Test -->
